  MassSpringSystemSimulator.cpp
C:\Users\Lenovo\Desktop\TUM_GP\Exercises\Exercise1\gamephysicstemplateGroup19\Simulations\util\vectorbase.h(11,1): warning C4005: 'NOMINMAX': macro redefinition
C:\Users\Lenovo\Desktop\TUM_GP\Exercises\Exercise1\gamephysicstemplateGroup19\Simulations\util\vectorbase.h(11,1): message : 'NOMINMAX' previously declared on the command line
C:\Users\Lenovo\Desktop\TUM_GP\Exercises\Exercise1\gamephysicstemplateGroup19\Simulations\MassSpringSystemSimulator.cpp(28,20): warning C4305: '=': truncation from 'double' to 'float'
C:\Users\Lenovo\Desktop\TUM_GP\Exercises\Exercise1\gamephysicstemplateGroup19\Simulations\MassSpringSystemSimulator.cpp(120,21): warning C4244: 'initializing': conversion from 'double' to 'float', possible loss of data
C:\Users\Lenovo\Desktop\TUM_GP\Exercises\Exercise1\gamephysicstemplateGroup19\Simulations\util\vectorbase.h(204,36): warning C4244: 'argument': conversion from 'const Scalar' to 'float', possible loss of data
          with
          [
              Scalar=GamePhysics::Real
          ]
C:\Users\Lenovo\Desktop\TUM_GP\Exercises\Exercise1\gamephysicstemplateGroup19\Simulations\util\vectorbase.h(203): message : while compiling class template member function 'DirectX::XMVECTOR GamePhysics::vector3Dim<GamePhysics::Real>::toDirectXVector(void) const'
C:\Users\Lenovo\Desktop\TUM_GP\Exercises\Exercise1\gamephysicstemplateGroup19\Simulations\DrawingUtilitiesClass.h(285): message : see reference to function template instantiation 'DirectX::XMVECTOR GamePhysics::vector3Dim<GamePhysics::Real>::toDirectXVector(void) const' being compiled
C:\Users\Lenovo\Desktop\TUM_GP\Exercises\Exercise1\gamephysicstemplateGroup19\Simulations\util\vectorbase.h(859): message : see reference to class template instantiation 'GamePhysics::vector3Dim<GamePhysics::Real>' being compiled
C:\Users\Lenovo\Desktop\TUM_GP\Exercises\Exercise1\gamephysicstemplateGroup19\Simulations\util\vectorbase.h(204,34): warning C4244: 'argument': conversion from 'const Scalar' to 'float', possible loss of data
          with
          [
              Scalar=GamePhysics::Real
          ]
C:\Users\Lenovo\Desktop\TUM_GP\Exercises\Exercise1\gamephysicstemplateGroup19\Simulations\util\vectorbase.h(204,32): warning C4244: 'argument': conversion from 'const Scalar' to 'float', possible loss of data
          with
          [
              Scalar=GamePhysics::Real
          ]
C:\Users\Lenovo\Desktop\TUM_GP\Exercises\Exercise1\gamephysicstemplateGroup19\Simulations\util\matrixbase.h(777,79): warning C4244: 'argument': conversion from 'Scalar' to 'float', possible loss of data
          with
          [
              Scalar=double
          ]
C:\Users\Lenovo\Desktop\TUM_GP\Exercises\Exercise1\gamephysicstemplateGroup19\Simulations\util\matrixbase.h(773): message : while compiling class template member function 'DirectX::XMMATRIX GamePhysics::matrix4x4<double>::toDirectXMatrix(void)'
C:\Users\Lenovo\Desktop\TUM_GP\Exercises\Exercise1\gamephysicstemplateGroup19\Simulations\DrawingUtilitiesClass.h(380): message : see reference to function template instantiation 'DirectX::XMMATRIX GamePhysics::matrix4x4<double>::toDirectXMatrix(void)' being compiled
C:\Users\Lenovo\Desktop\TUM_GP\Exercises\Exercise1\gamephysicstemplateGroup19\Simulations\DrawingUtilitiesClass.h(379): message : see reference to class template instantiation 'GamePhysics::matrix4x4<double>' being compiled
C:\Users\Lenovo\Desktop\TUM_GP\Exercises\Exercise1\gamephysicstemplateGroup19\Simulations\util\matrixbase.h(777,61): warning C4244: 'argument': conversion from 'Scalar' to 'float', possible loss of data
          with
          [
              Scalar=double
          ]
C:\Users\Lenovo\Desktop\TUM_GP\Exercises\Exercise1\gamephysicstemplateGroup19\Simulations\util\matrixbase.h(777,43): warning C4244: 'argument': conversion from 'Scalar' to 'float', possible loss of data
          with
          [
              Scalar=double
          ]
C:\Users\Lenovo\Desktop\TUM_GP\Exercises\Exercise1\gamephysicstemplateGroup19\Simulations\util\matrixbase.h(777,25): warning C4244: 'argument': conversion from 'Scalar' to 'float', possible loss of data
          with
          [
              Scalar=double
          ]
C:\Users\Lenovo\Desktop\TUM_GP\Exercises\Exercise1\gamephysicstemplateGroup19\Simulations\util\matrixbase.h(776,79): warning C4244: 'argument': conversion from 'Scalar' to 'float', possible loss of data
          with
          [
              Scalar=double
          ]
C:\Users\Lenovo\Desktop\TUM_GP\Exercises\Exercise1\gamephysicstemplateGroup19\Simulations\util\matrixbase.h(776,61): warning C4244: 'argument': conversion from 'Scalar' to 'float', possible loss of data
          with
          [
              Scalar=double
          ]
C:\Users\Lenovo\Desktop\TUM_GP\Exercises\Exercise1\gamephysicstemplateGroup19\Simulations\util\matrixbase.h(776,43): warning C4244: 'argument': conversion from 'Scalar' to 'float', possible loss of data
          with
          [
              Scalar=double
          ]
C:\Users\Lenovo\Desktop\TUM_GP\Exercises\Exercise1\gamephysicstemplateGroup19\Simulations\util\matrixbase.h(776,25): warning C4244: 'argument': conversion from 'Scalar' to 'float', possible loss of data
          with
          [
              Scalar=double
          ]
C:\Users\Lenovo\Desktop\TUM_GP\Exercises\Exercise1\gamephysicstemplateGroup19\Simulations\util\matrixbase.h(775,79): warning C4244: 'argument': conversion from 'Scalar' to 'float', possible loss of data
          with
          [
              Scalar=double
          ]
C:\Users\Lenovo\Desktop\TUM_GP\Exercises\Exercise1\gamephysicstemplateGroup19\Simulations\util\matrixbase.h(775,61): warning C4244: 'argument': conversion from 'Scalar' to 'float', possible loss of data
          with
          [
              Scalar=double
          ]
C:\Users\Lenovo\Desktop\TUM_GP\Exercises\Exercise1\gamephysicstemplateGroup19\Simulations\util\matrixbase.h(775,43): warning C4244: 'argument': conversion from 'Scalar' to 'float', possible loss of data
          with
          [
              Scalar=double
          ]
C:\Users\Lenovo\Desktop\TUM_GP\Exercises\Exercise1\gamephysicstemplateGroup19\Simulations\util\matrixbase.h(775,25): warning C4244: 'argument': conversion from 'Scalar' to 'float', possible loss of data
          with
          [
              Scalar=double
          ]
C:\Users\Lenovo\Desktop\TUM_GP\Exercises\Exercise1\gamephysicstemplateGroup19\Simulations\util\matrixbase.h(774,97): warning C4244: 'argument': conversion from 'Scalar' to 'float', possible loss of data
          with
          [
              Scalar=double
          ]
C:\Users\Lenovo\Desktop\TUM_GP\Exercises\Exercise1\gamephysicstemplateGroup19\Simulations\util\matrixbase.h(774,79): warning C4244: 'argument': conversion from 'Scalar' to 'float', possible loss of data
          with
          [
              Scalar=double
          ]
C:\Users\Lenovo\Desktop\TUM_GP\Exercises\Exercise1\gamephysicstemplateGroup19\Simulations\util\matrixbase.h(774,61): warning C4244: 'argument': conversion from 'Scalar' to 'float', possible loss of data
          with
          [
              Scalar=double
          ]
C:\Users\Lenovo\Desktop\TUM_GP\Exercises\Exercise1\gamephysicstemplateGroup19\Simulations\util\matrixbase.h(774,43): warning C4244: 'argument': conversion from 'Scalar' to 'float', possible loss of data
          with
          [
              Scalar=double
          ]
  Demo_2017.vcxproj -> C:\Users\Lenovo\Desktop\TUM_GP\Exercises\Exercise1\gamephysicstemplateGroup19\Win32\Debug\Simulations.lib
